undefined error: Prisma Error Error in PostgreSQL connection: Error { kind: Io, cause: Some(Os { code: 10054, kind: ConnectionReset, message: "Foi forçado o cancelamento de uma conexão existente pelo host remoto." }) }
{
  "service": "mais-gestao-api",
  "environment": "development",
  "target": "quaint::connector::postgres::native"
}
undefined error: Prisma Error 
Invalid `prisma.transaction.findMany()` invocation:


Can't reach database server at `aws-1-us-east-1.pooler.supabase.com:6543`

Please make sure your database server is running at `aws-1-us-east-1.pooler.supabase.com:6543`.
{
  "service": "mais-gestao-api",
  "environment": "development",
  "target": "transaction.findMany"
}
undefined error: Prisma Error 
Invalid `prisma.category.findMany()` invocation:


Can't reach database server at `aws-1-us-east-1.pooler.supabase.com:6543`

Please make sure your database server is running at `aws-1-us-east-1.pooler.supabase.com:6543`.
{
  "service": "mais-gestao-api",
  "environment": "development",
  "target": "category.findMany"
}
undefined error: Prisma Error 
Invalid `prisma.account.findMany()` invocation:


Can't reach database server at `aws-1-us-east-1.pooler.supabase.com:6543`

Please make sure your database server is running at `aws-1-us-east-1.pooler.supabase.com:6543`.
{
  "service": "mais-gestao-api",
  "environment": "development",
  "target": "account.findMany"
}
undefined error: Prisma Error 
Invalid `prisma.transaction.count()` invocation:


Can't reach database server at `aws-1-us-east-1.pooler.supabase.com:6543`

Please make sure your database server is running at `aws-1-us-east-1.pooler.supabase.com:6543`.
{
  "service": "mais-gestao-api",
  "environment": "development",
  "target": "transaction.count"
}
undefined error: Prisma Error 
Invalid `prisma.transaction.findMany()` invocation:


Can't reach database server at `aws-1-us-east-1.pooler.supabase.com:6543`

Please make sure your database server is running at `aws-1-us-east-1.pooler.supabase.com:6543`.
{
  "service": "mais-gestao-api",
  "environment": "development",
  "target": "transaction.findMany"
}
undefined error: Prisma Error 
Invalid `prisma.transaction.count()` invocation:


Can't reach database server at `aws-1-us-east-1.pooler.supabase.com:6543`

Please make sure your database server is running at `aws-1-us-east-1.pooler.supabase.com:6543`.
{
  "service": "mais-gestao-api",
  "environment": "development",
  "target": "transaction.count"
}
undefined error: Prisma Error 
Invalid `prisma.category.findMany()` invocation:


Can't reach database server at `aws-1-us-east-1.pooler.supabase.com:6543`

Please make sure your database server is running at `aws-1-us-east-1.pooler.supabase.com:6543`.
{
  "service": "mais-gestao-api",
  "environment": "development",
  "target": "category.findMany"
}
undefined error: Prisma Error 
Invalid `prisma.account.findMany()` invocation:


Can't reach database server at `aws-1-us-east-1.pooler.supabase.com:6543`

Please make sure your database server is running at `aws-1-us-east-1.pooler.supabase.com:6543`.
{
  "service": "mais-gestao-api",
  "environment": "development",
  "target": "account.findMany"
}
undefined error: Prisma Error Error in PostgreSQL connection: Error { kind: Io, cause: Some(Os { code: 10054, kind: ConnectionReset, message: "Foi forçado o cancelamento de uma conexão existente pelo host remoto." }) }
{
  "service": "mais-gestao-api",
  "environment": "development",
  "target": "quaint::connector::postgres::native"
}
undefined error: Prisma Error Error in PostgreSQL connection: Error { kind: Io, cause: Some(Os { code: 10054, kind: ConnectionReset, message: "Foi forçado o cancelamento de uma conexão existente pelo host remoto." }) }
{
  "service": "mais-gestao-api",
  "environment": "development",
  "target": "quaint::connector::postgres::native"
}
undefined error: Prisma Error Error in PostgreSQL connection: Error { kind: Io, cause: Some(Os { code: 10054, kind: ConnectionReset, message: "Foi forçado o cancelamento de uma conexão existente pelo host remoto." }) }
{
  "service": "mais-gestao-api",
  "environment": "development",
  "target": "quaint::connector::postgres::native"
}
